<?xml version="1.0" encoding="UTF-8"?>
<testsuite xmlns:xsi="http://www.w3.org/2001/XMLSchema-instance" xsi:noNamespaceSchemaLocation="https://maven.apache.org/surefire/maven-surefire-plugin/xsd/surefire-test-report-3.0.xsd" version="3.0" name="com.example.moviebooking.service.BookingLifecycleIntegrationTest" time="2.876" tests="4" errors="0" skipped="0" failures="0">
  <properties>
[...]
</properties>
  <testcase name="cancelPath_confirmedBooking_releasesSeatAndRefunds" classname="com.example.moviebooking.service.BookingLifecycleIntegrationTest" time="0.053">
    <system-out><![CDATA[01:02:19.739 [main] INFO org.springframework.test.context.support.AnnotationConfigContextLoaderUtils -- Could not detect default configuration classes for test class [com.example.moviebooking.service.BookingLifecycleIntegrationTest]: BookingLifecycleIntegrationTest does not declare any static, non-private, non-final, nested classes annotated with @Configuration.
01:02:19.797 [main] INFO org.springframework.boot.test.context.SpringBootTestContextBootstrapper -- Found @SpringBootConfiguration com.example.moviebooking.MovieBookingApplication for test class com.example.moviebooking.service.BookingLifecycleIntegrationTest

  .   ____          _            __ _ _
 /\\ / ___'_ __ _ _(_)_ __  __ _ \ \ \ \
( ( )\___ | '_ | '_| | '_ \/ _` | \ \ \ \
 \\/  ___)| |_)| | | | | || (_| |  ) ) ) )
  '  |____| .__|_| |_|_| |_\__, | / / / /
 =========|_|==============|___/=/_/_/_/

 :: Spring Boot ::                (v3.3.2)

2026-07-27T01:02:19.981+05:30  INFO 29961 --- [movie-booking] [           main] c.e.m.s.BookingLifecycleIntegrationTest  : Starting BookingLifecycleIntegrationTest using Java 20 with PID 29961 (started by jayashbatra in /Users/jayashbatra/Downloads/movie-booking)
2026-07-27T01:02:19.982+05:30  INFO 29961 --- [movie-booking] [           main] c.e.m.s.BookingLifecycleIntegrationTest  : No active profile set, falling back to 1 default profile: "default"
2026-07-27T01:02:20.336+05:30  INFO 29961 --- [movie-booking] [           main] .s.d.r.c.RepositoryConfigurationDelegate : Bootstrapping Spring Data JPA repositories in DEFAULT mode.
2026-07-27T01:02:20.374+05:30  INFO 29961 --- [movie-booking] [           main] .s.d.r.c.RepositoryConfigurationDelegate : Finished Spring Data repository scanning in 33 ms. Found 12 JPA repository interfaces.
2026-07-27T01:02:20.638+05:30  INFO 29961 --- [movie-booking] [           main] o.hibernate.jpa.internal.util.LogHelper  : HHH000204: Processing PersistenceUnitInfo [name: default]
2026-07-27T01:02:20.670+05:30  INFO 29961 --- [movie-booking] [           main] org.hibernate.Version                    : HHH000412: Hibernate ORM core version 6.5.2.Final
2026-07-27T01:02:20.688+05:30  INFO 29961 --- [movie-booking] [           main] o.h.c.internal.RegionFactoryInitiator    : HHH000026: Second-level cache disabled
2026-07-27T01:02:20.753+05:30  INFO 29961 --- [movie-booking] [           main] o.s.o.j.p.SpringPersistenceUnitInfo      : No LoadTimeWeaver setup: ignoring JPA class transformer
2026-07-27T01:02:20.767+05:30  INFO 29961 --- [movie-booking] [           main] com.zaxxer.hikari.HikariDataSource       : HikariPool-1 - Starting...
2026-07-27T01:02:20.866+05:30  INFO 29961 --- [movie-booking] [           main] com.zaxxer.hikari.pool.HikariPool        : HikariPool-1 - Added connection conn0: url=jdbc:h2:mem:moviebooking user=SA
2026-07-27T01:02:20.867+05:30  INFO 29961 --- [movie-booking] [           main] com.zaxxer.hikari.HikariDataSource       : HikariPool-1 - Start completed.
2026-07-27T01:02:21.384+05:30  INFO 29961 --- [movie-booking] [           main] o.h.e.t.j.p.i.JtaPlatformInitiator       : HHH000489: No JTA platform available (set 'hibernate.transaction.jta.platform' to enable JTA platform integration)
Hibernate: 
    create table app_user (
        id bigint generated by default as identity,
        email varchar(255) not null,
        name varchar(255),
        password_hash varchar(255) not null,
        role enum ('ADMIN','CUSTOMER') not null,
        primary key (id)
    )
Hibernate: 
    create table booking (
        id bigint generated by default as identity,
        created_at timestamp(6) not null,
        hold_expires_at timestamp(6),
        status enum ('CANCELLED','CONFIRMED','EXPIRED','PENDING_PAYMENT') not null,
        total_amount numeric(38,2),
        discount_code_id bigint,
        show_id bigint not null,
        user_id bigint not null,
        primary key (id)
    )
Hibernate: 
    create table city (
        id bigint generated by default as identity,
        name varchar(255) not null,
        state varchar(255) not null,
        primary key (id)
    )
Hibernate: 
    create table discount_code (
        id bigint generated by default as identity,
        active boolean,
        code varchar(255) not null,
        flat_amount_off numeric(38,2),
        max_redemptions integer,
        percentage_off numeric(38,2),
        times_redeemed integer,
        valid_from timestamp(6),
        valid_until timestamp(6),
        primary key (id)
    )
Hibernate: 
    create table movie (
        id bigint generated by default as identity,
        duration_minutes integer,
        genre varchar(255),
        language varchar(255),
        title varchar(255) not null,
        primary key (id)
    )
Hibernate: 
    create table payment (
        id bigint generated by default as identity,
        amount numeric(38,2),
        created_at timestamp(6),
        provider_reference varchar(255),
        refunded_amount numeric(38,2),
        status enum ('FAILED','PARTIALLY_REFUNDED','REFUNDED','SUCCESS'),
        booking_id bigint not null,
        primary key (id)
    )
Hibernate: 
    create table refund_policy (
        id bigint generated by default as identity,
        active boolean,
        min_hours_before_show integer not null,
        name varchar(255) not null,
        refund_percentage numeric(38,2) not null,
        primary key (id)
    )
Hibernate: 
    create table screen (
        id bigint generated by default as identity,
        name varchar(255) not null,
        theater_id bigint not null,
        primary key (id)
    )
Hibernate: 
    create table seat (
        id bigint generated by default as identity,
        row_label varchar(255) not null,
        seat_number integer not null,
        tier enum ('PREMIUM','REGULAR') not null,
        screen_id bigint not null,
        primary key (id)
    )
Hibernate: 
    create table show (
        id bigint generated by default as identity,
        base_price numeric(38,2) not null,
        end_time timestamp(6) not null,
        start_time timestamp(6) not null,
        movie_id bigint not null,
        screen_id bigint not null,
        primary key (id)
    )
Hibernate: 
    create table show_seat (
        id bigint generated by default as identity,
        hold_expires_at timestamp(6),
        status enum ('AVAILABLE','BOOKED','HELD') not null,
        version bigint,
        booking_id bigint,
        seat_id bigint not null,
        show_id bigint not null,
        primary key (id)
    )
Hibernate: 
    create table theater (
        id bigint generated by default as identity,
        address varchar(255) not null,
        name varchar(255) not null,
        city_id bigint not null,
        primary key (id)
    )
Hibernate: 
    alter table if exists app_user 
       drop constraint if exists UK1j9d9a06i600gd43uu3km82jw
Hibernate: 
    alter table if exists app_user 
       add constraint UK1j9d9a06i600gd43uu3km82jw unique (email)
Hibernate: 
    alter table if exists discount_code 
       drop constraint if exists UKpgevf2g3j2jbto0crethuhpyt
Hibernate: 
    alter table if exists discount_code 
       add constraint UKpgevf2g3j2jbto0crethuhpyt unique (code)
Hibernate: 
    alter table if exists payment 
       drop constraint if exists UKku02qy6369hn9uhy3n7jk9v6e
Hibernate: 
    alter table if exists payment 
       add constraint UKku02qy6369hn9uhy3n7jk9v6e unique (booking_id)
Hibernate: 
    alter table if exists seat 
       drop constraint if exists UK57e4tlkcfatj60qo1sepa7hae
Hibernate: 
    alter table if exists seat 
       add constraint UK57e4tlkcfatj60qo1sepa7hae unique (screen_id, row_label, seat_number)
Hibernate: 
    alter table if exists show_seat 
       drop constraint if exists UKj4343e94ap4pbd87nuy85cgn8
Hibernate: 
    alter table if exists show_seat 
       add constraint UKj4343e94ap4pbd87nuy85cgn8 unique (show_id, seat_id)
Hibernate: 
    alter table if exists booking 
       add constraint FKbndqh32aam28dg2fws9mfu565 
       foreign key (discount_code_id) 
       references discount_code
Hibernate: 
    alter table if exists booking 
       add constraint FK2lr4fhgeao9p3uyhngtwn67h7 
       foreign key (show_id) 
       references show
Hibernate: 
    alter table if exists booking 
       add constraint FKn7phgawjwo673xgim9d2cvfe1 
       foreign key (user_id) 
       references app_user
Hibernate: 
    alter table if exists payment 
       add constraint FKqewrl4xrv9eiad6eab3aoja65 
       foreign key (booking_id) 
       references booking
Hibernate: 
    alter table if exists screen 
       add constraint FKe30coiblnr7ooxqc3tpi4t7rh 
       foreign key (theater_id) 
       references theater
Hibernate: 
    alter table if exists seat 
       add constraint FKa20kk7r8mh61c0khpxmx7uqcp 
       foreign key (screen_id) 
       references screen
Hibernate: 
    alter table if exists show 
       add constraint FKrko1v6l96s1pp0gvuit6c7l7q 
       foreign key (movie_id) 
       references movie
Hibernate: 
    alter table if exists show 
       add constraint FKpmdhsg2pprfg2634ojdwiv181 
       foreign key (screen_id) 
       references screen
Hibernate: 
    alter table if exists show_seat 
       add constraint FKdgpqd0itfv4yviphs7h39gbfx 
       foreign key (booking_id) 
       references booking
Hibernate: 
    alter table if exists show_seat 
       add constraint FK6i74j78n2rm115651mji6o8yj 
       foreign key (seat_id) 
       references seat
Hibernate: 
    alter table if exists show_seat 
       add constraint FKe3tntcmo1pp6wj0nnltb8mdxs 
       foreign key (show_id) 
       references show
Hibernate: 
    alter table if exists theater 
       add constraint FKikchmxlrjeeyokbkoaijxgycm 
       foreign key (city_id) 
       references city
2026-07-27T01:02:21.431+05:30  INFO 29961 --- [movie-booking] [           main] j.LocalContainerEntityManagerFactoryBean : Initialized JPA EntityManagerFactory for persistence unit 'default'
2026-07-27T01:02:21.607+05:30  INFO 29961 --- [movie-booking] [           main] o.s.d.j.r.query.QueryEnhancerFactory     : Hibernate is in classpath; If applicable, HQL parser will be used.
2026-07-27T01:02:21.908+05:30  WARN 29961 --- [movie-booking] [           main] JpaBaseConfiguration$JpaWebConfiguration : spring.jpa.open-in-view is enabled by default. Therefore, database queries may be performed during view rendering. Explicitly configure spring.jpa.open-in-view to disable this warning
2026-07-27T01:02:21.929+05:30  INFO 29961 --- [movie-booking] [           main] r$InitializeUserDetailsManagerConfigurer : Global AuthenticationManager configured with UserDetailsService bean with name customUserDetailsService
2026-07-27T01:02:22.253+05:30  INFO 29961 --- [movie-booking] [           main] o.s.b.a.h2.H2ConsoleAutoConfiguration    : H2 console available at '/h2-console'. Database available at 'jdbc:h2:mem:moviebooking'
2026-07-27T01:02:22.306+05:30  INFO 29961 --- [movie-booking] [           main] c.e.m.s.BookingLifecycleIntegrationTest  : Started BookingLifecycleIntegrationTest in 2.445 seconds (process running for 3.757)
Hibernate: 
    select
        u1_0.id,
        u1_0.email,
        u1_0.name,
        u1_0.password_hash,
        u1_0.role 
    from
        app_user u1_0 
    where
        u1_0.email=?
Hibernate: 
    select
        ss1_0.id,
        ss1_0.booking_id,
        ss1_0.hold_expires_at,
        ss1_0.seat_id,
        ss1_0.show_id,
        ss1_0.status,
        ss1_0.version 
    from
        show_seat ss1_0 
    where
        ss1_0.status='HELD' 
        and ss1_0.hold_expires_at<localtimestamp
Hibernate: 
    insert 
    into
        app_user
        (email, name, password_hash, role, id) 
    values
        (?, ?, ?, ?, default)
=================================================================
Seeded default admin user for local/demo use:
  email:    admin@moviebooking.local
  password: ChangeMe123!
Use these with HTTP Basic auth against /api/admin/** endpoints.
=================================================================
Hibernate: 
    insert 
    into
        app_user
        (email, name, password_hash, role, id) 
    values
        (?, ?, ?, ?, default)
Hibernate: 
    insert 
    into
        city
        (name, state, id) 
    values
        (?, ?, default)
Hibernate: 
    insert 
    into
        theater
        (address, city_id, name, id) 
    values
        (?, ?, ?, default)
Hibernate: 
    insert 
    into
        screen
        (name, theater_id, id) 
    values
        (?, ?, default)
Hibernate: 
    insert 
    into
        seat
        (row_label, screen_id, seat_number, tier, id) 
    values
        (?, ?, ?, ?, default)
Hibernate: 
    insert 
    into
        movie
        (duration_minutes, genre, language, title, id) 
    values
        (?, ?, ?, ?, default)
Hibernate: 
    insert 
    into
        show
        (base_price, end_time, movie_id, screen_id, start_time, id) 
    values
        (?, ?, ?, ?, ?, default)
Hibernate: 
    insert 
    into
        show_seat
        (booking_id, hold_expires_at, seat_id, show_id, status, version, id) 
    values
        (?, ?, ?, ?, ?, ?, default)
Hibernate: 
    select
        ss1_0.id,
        ss1_0.booking_id,
        ss1_0.hold_expires_at,
        ss1_0.seat_id,
        ss1_0.show_id,
        ss1_0.status,
        ss1_0.version 
    from
        show_seat ss1_0 
    where
        ss1_0.show_id=? 
        and ss1_0.seat_id in (?) for update
Hibernate: 
    insert 
    into
        booking
        (created_at, discount_code_id, hold_expires_at, show_id, status, total_amount, user_id, id) 
    values
        (?, ?, ?, ?, ?, ?, ?, default)
Hibernate: 
    insert 
    into
        payment
        (amount, booking_id, created_at, provider_reference, refunded_amount, status, id) 
    values
        (?, ?, ?, ?, ?, ?, default)
Hibernate: 
    update
        show_seat 
    set
        booking_id=?,
        hold_expires_at=?,
        seat_id=?,
        show_id=?,
        status=?,
        version=? 
    where
        id=? 
        and version=?
Hibernate: 
    select
        ss1_0.id,
        ss1_0.booking_id,
        ss1_0.hold_expires_at,
        ss1_0.seat_id,
        ss1_0.show_id,
        ss1_0.status,
        ss1_0.version 
    from
        show_seat ss1_0 
    where
        ss1_0.booking_id=?
Hibernate: 
    select
        p1_0.id,
        p1_0.amount,
        p1_0.booking_id,
        p1_0.created_at,
        p1_0.provider_reference,
        p1_0.refunded_amount,
        p1_0.status 
    from
        payment p1_0 
    where
        p1_0.booking_id=?
Hibernate: 
    select
        rp1_0.id,
        rp1_0.active,
        rp1_0.min_hours_before_show,
        rp1_0.name,
        rp1_0.refund_percentage 
    from
        refund_policy rp1_0 
    where
        rp1_0.active 
    order by
        rp1_0.min_hours_before_show desc
Hibernate: 
    update
        show_seat 
    set
        booking_id=?,
        hold_expires_at=?,
        seat_id=?,
        show_id=?,
        status=?,
        version=? 
    where
        id=? 
        and version=?
Hibernate: 
    update
        booking 
    set
        created_at=?,
        discount_code_id=?,
        hold_expires_at=?,
        show_id=?,
        status=?,
        total_amount=?,
        user_id=? 
    where
        id=?
Hibernate: 
    update
        payment 
    set
        amount=?,
        booking_id=?,
        created_at=?,
        provider_reference=?,
        refunded_amount=?,
        status=? 
    where
        id=?
Hibernate: 
    select
        ss1_0.id,
        ss1_0.booking_id,
        ss1_0.hold_expires_at,
        ss1_0.seat_id,
        ss1_0.show_id,
        ss1_0.status,
        ss1_0.version 
    from
        show_seat ss1_0 
    where
        ss1_0.booking_id=?
[notification] Booking #Hibernate: 
    update
        show_seat 
    set
        booking_id=?,
        hold_expires_at=?,
        seat_id=?,
        show_id=?,
        status=?,
        version=? 
    where
        id=? 
        and version=?
Hibernate: 
    select
        ss1_0.id,
        ss1_0.booking_id,
        ss1_0.hold_expires_at,
        ss1_0.seat_id,
        ss1_0.show_id,
        ss1_0.status,
        ss1_0.version 
    from
        show_seat ss1_0 
    where
        ss1_0.show_id=?
1 cancelled for user lifecycle@test.com
]]></system-out>
  </testcase>
  <testcase name="happyPath_holdThenConfirm_seatEndsUpBookedAndVisibleInHistory" classname="com.example.moviebooking.service.BookingLifecycleIntegrationTest" time="0.023">
    <system-out><![CDATA[Hibernate: 
    insert 
    into
        app_user
        (email, name, password_hash, role, id) 
    values
        (?, ?, ?, ?, default)
Hibernate: 
    insert 
    into
        city
        (name, state, id) 
    values
        (?, ?, default)
Hibernate: 
    insert 
    into
        theater
        (address, city_id, name, id) 
    values
        (?, ?, ?, default)
Hibernate: 
    insert 
    into
        screen
        (name, theater_id, id) 
    values
        (?, ?, default)
Hibernate: 
    insert 
    into
        seat
        (row_label, screen_id, seat_number, tier, id) 
    values
        (?, ?, ?, ?, default)
Hibernate: 
    insert 
    into
        movie
        (duration_minutes, genre, language, title, id) 
    values
        (?, ?, ?, ?, default)
Hibernate: 
    insert 
    into
        show
        (base_price, end_time, movie_id, screen_id, start_time, id) 
    values
        (?, ?, ?, ?, ?, default)
Hibernate: 
    insert 
    into
        show_seat
        (booking_id, hold_expires_at, seat_id, show_id, status, version, id) 
    values
        (?, ?, ?, ?, ?, ?, default)
Hibernate: 
    select
        ss1_0.id,
        ss1_0.booking_id,
        ss1_0.hold_expires_at,
        ss1_0.seat_id,
        ss1_0.show_id,
        ss1_0.status,
        ss1_0.version 
    from
        show_seat ss1_0 
    where
        ss1_0.show_id=? 
        and ss1_0.seat_id in (?) for update
Hibernate: 
    insert 
    into
        booking
        (created_at, discount_code_id, hold_expires_at, show_id, status, total_amount, user_id, id) 
    values
        (?, ?, ?, ?, ?, ?, ?, default)
Hibernate: 
    update
        show_seat 
    set
        booking_id=?,
        hold_expires_at=?,
        seat_id=?,
        show_id=?,
        status=?,
        version=? 
    where
        id=? 
        and version=?
Hibernate: 
    select
        ss1_0.id,
        ss1_0.booking_id,
        ss1_0.hold_expires_at,
        ss1_0.seat_id,
        ss1_0.show_id,
        ss1_0.status,
        ss1_0.version 
    from
        show_seat ss1_0 
    where
        ss1_0.show_id=?
Hibernate: 
    insert 
    into
        payment
        (amount, booking_id, created_at, provider_reference, refunded_amount, status, id) 
    values
        (?, ?, ?, ?, ?, ?, default)
Hibernate: 
    select
        ss1_0.id,
        ss1_0.booking_id,
        ss1_0.hold_expires_at,
        ss1_0.seat_id,
        ss1_0.show_id,
        ss1_0.status,
        ss1_0.version 
    from
        show_seat ss1_0 
    where
        ss1_0.booking_id=?
Hibernate: 
    update
        show_seat 
    set
        booking_id=?,
        hold_expires_at=?,
        seat_id=?,
        show_id=?,
        status=?,
        version=? 
    where
        id=? 
        and version=?
Hibernate: 
    update
        booking 
    set
        created_at=?,
        discount_code_id=?,
        hold_expires_at=?,
        show_id=?,
        status=?,
        total_amount=?,
        user_id=? 
    where
        id=?
Hibernate: 
    select
        ss1_0.id,
        ss1_0.booking_id,
        ss1_0.hold_expires_at,
        ss1_0.seat_id,
        ss1_0.show_id,
        ss1_0.status,
        ss1_0.version 
    from
        show_seat ss1_0 
    where
        ss1_0.show_id=?
Hibernate: 
    select
        b1_0.id,
        b1_0.created_at,
        b1_0.discount_code_id,
        b1_0.hold_expires_at,
        b1_0.show_id,
        b1_0.status,
        b1_0.total_amount,
        b1_0.user_id 
    from
        booking b1_0 
    where
        b1_0.user_id=?
]]></system-out>
  </testcase>
  <testcase name="cannotConfirmSameBookingTwice" classname="com.example.moviebooking.service.BookingLifecycleIntegrationTest" time="0.013">
    <system-out><![CDATA[Hibernate: 
    insert 
    into
        app_user
        (email, name, password_hash, role, id) 
    values
        (?, ?, ?, ?, default)
Hibernate: 
    insert 
    into
        city
        (name, state, id) 
    values
        (?, ?, default)
Hibernate: 
    insert 
    into
        theater
        (address, city_id, name, id) 
    values
        (?, ?, ?, default)
Hibernate: 
    insert 
    into
        screen
        (name, theater_id, id) 
    values
        (?, ?, default)
Hibernate: 
    insert 
    into
        seat
        (row_label, screen_id, seat_number, tier, id) 
    values
        (?, ?, ?, ?, default)
Hibernate: 
    insert 
    into
        movie
        (duration_minutes, genre, language, title, id) 
    values
        (?, ?, ?, ?, default)
Hibernate: 
    insert 
    into
        show
        (base_price, end_time, movie_id, screen_id, start_time, id) 
    values
        (?, ?, ?, ?, ?, default)
Hibernate: 
    insert 
    into
        show_seat
        (booking_id, hold_expires_at, seat_id, show_id, status, version, id) 
    values
        (?, ?, ?, ?, ?, ?, default)
Hibernate: 
    select
        ss1_0.id,
        ss1_0.booking_id,
        ss1_0.hold_expires_at,
        ss1_0.seat_id,
        ss1_0.show_id,
        ss1_0.status,
        ss1_0.version 
    from
        show_seat ss1_0 
    where
        ss1_0.show_id=? 
        and ss1_0.seat_id in (?) for update
Hibernate: 
    insert 
    into
        booking
        (created_at, discount_code_id, hold_expires_at, show_id, status, total_amount, user_id, id) 
    values
        (?, ?, ?, ?, ?, ?, ?, default)
Hibernate: 
    insert 
    into
        payment
        (amount, booking_id, created_at, provider_reference, refunded_amount, status, id) 
    values
        (?, ?, ?, ?, ?, ?, default)
Hibernate: 
    update
        show_seat 
    set
        booking_id=?,
        hold_expires_at=?,
        seat_id=?,
        show_id=?,
        status=?,
        version=? 
    where
        id=? 
        and version=?
Hibernate: 
    select
        ss1_0.id,
        ss1_0.booking_id,
        ss1_0.hold_expires_at,
        ss1_0.seat_id,
        ss1_0.show_id,
        ss1_0.status,
        ss1_0.version 
    from
        show_seat ss1_0 
    where
        ss1_0.booking_id=?
]]></system-out>
  </testcase>
  <testcase name="expiryPath_expiredHold_isSweptBackToAvailable_andCannotBePaidFor" classname="com.example.moviebooking.service.BookingLifecycleIntegrationTest" time="0.017">
    <system-out><![CDATA[Hibernate: 
    insert 
    into
        app_user
        (email, name, password_hash, role, id) 
    values
        (?, ?, ?, ?, default)
Hibernate: 
    insert 
    into
        city
        (name, state, id) 
    values
        (?, ?, default)
Hibernate: 
    insert 
    into
        theater
        (address, city_id, name, id) 
    values
        (?, ?, ?, default)
Hibernate: 
    insert 
    into
        screen
        (name, theater_id, id) 
    values
        (?, ?, default)
Hibernate: 
    insert 
    into
        seat
        (row_label, screen_id, seat_number, tier, id) 
    values
        (?, ?, ?, ?, default)
Hibernate: 
    insert 
    into
        movie
        (duration_minutes, genre, language, title, id) 
    values
        (?, ?, ?, ?, default)
Hibernate: 
    insert 
    into
        show
        (base_price, end_time, movie_id, screen_id, start_time, id) 
    values
        (?, ?, ?, ?, ?, default)
Hibernate: 
    insert 
    into
        show_seat
        (booking_id, hold_expires_at, seat_id, show_id, status, version, id) 
    values
        (?, ?, ?, ?, ?, ?, default)
Hibernate: 
    select
        ss1_0.id,
        ss1_0.booking_id,
        ss1_0.hold_expires_at,
        ss1_0.seat_id,
        ss1_0.show_id,
        ss1_0.status,
        ss1_0.version 
    from
        show_seat ss1_0 
    where
        ss1_0.show_id=? 
        and ss1_0.seat_id in (?) for update
Hibernate: 
    insert 
    into
        booking
        (created_at, discount_code_id, hold_expires_at, show_id, status, total_amount, user_id, id) 
    values
        (?, ?, ?, ?, ?, ?, ?, default)
Hibernate: 
    update
        show_seat 
    set
        booking_id=?,
        hold_expires_at=?,
        seat_id=?,
        show_id=?,
        status=?,
        version=? 
    where
        id=? 
        and version=?
Hibernate: 
    update
        booking 
    set
        created_at=?,
        discount_code_id=?,
        hold_expires_at=?,
        show_id=?,
        status=?,
        total_amount=?,
        user_id=? 
    where
        id=?
Hibernate: 
    select
        ss1_0.id,
        ss1_0.booking_id,
        ss1_0.hold_expires_at,
        ss1_0.seat_id,
        ss1_0.show_id,
        ss1_0.status,
        ss1_0.version 
    from
        show_seat ss1_0 
    where
        ss1_0.show_id=?
Hibernate: 
    update
        show_seat 
    set
        booking_id=?,
        hold_expires_at=?,
        seat_id=?,
        show_id=?,
        status=?,
        version=? 
    where
        id=? 
        and version=?
Hibernate: 
    select
        ss1_0.id,
        ss1_0.booking_id,
        ss1_0.hold_expires_at,
        ss1_0.seat_id,
        ss1_0.show_id,
        ss1_0.status,
        ss1_0.version 
    from
        show_seat ss1_0 
    where
        ss1_0.status='HELD' 
        and ss1_0.hold_expires_at<localtimestamp
Hibernate: 
    update
        show_seat 
    set
        booking_id=?,
        hold_expires_at=?,
        seat_id=?,
        show_id=?,
        status=?,
        version=? 
    where
        id=? 
        and version=?
Hibernate: 
    update
        booking 
    set
        created_at=?,
        discount_code_id=?,
        hold_expires_at=?,
        show_id=?,
        status=?,
        total_amount=?,
        user_id=? 
    where
        id=?
Hibernate: 
    select
        ss1_0.id,
        ss1_0.booking_id,
        ss1_0.hold_expires_at,
        ss1_0.seat_id,
        ss1_0.show_id,
        ss1_0.status,
        ss1_0.version 
    from
        show_seat ss1_0 
    where
        ss1_0.show_id=?
Hibernate: 
    insert 
    into
        app_user
        (email, name, password_hash, role, id) 
    values
        (?, ?, ?, ?, default)
Hibernate: 
    select
        ss1_0.id,
        ss1_0.booking_id,
        ss1_0.hold_expires_at,
        ss1_0.seat_id,
        ss1_0.show_id,
        ss1_0.status,
        ss1_0.version 
    from
        show_seat ss1_0 
    where
        ss1_0.show_id=? 
        and ss1_0.seat_id in (?) for update
Hibernate: 
    insert 
    into
        booking
        (created_at, discount_code_id, hold_expires_at, show_id, status, total_amount, user_id, id) 
    values
        (?, ?, ?, ?, ?, ?, ?, default)
]]></system-out>
  </testcase>
</testsuite>